<?xml version="1.0" encoding="UTF-8"?>
<!-- Generated by org.testng.reporters.JUnitReportReporter -->
<testsuite hostname="DESKTOP-23IQLTI" failures="0" tests="1" name="RunnerPractice.Shopper_profile_runner" time="6.304" errors="0" timestamp="2024-12-31T18:06:48 IST" skipped="0">
  <testcase classname="RunnerPractice.Shopper_profile_runner" name="create" time="6.304"/>
  <system-out/>
</testsuite> <!-- RunnerPractice.Shopper_profile_runner -->
