<?xml version="1.0" encoding="UTF-8"?>
<!-- Generated by org.testng.reporters.JUnitReportReporter -->
<testsuite hostname="DESKTOP-23IQLTI" failures="0" tests="3" name="reqres.ToPerformPost" time="4.702" errors="0" timestamp="2024-12-18T10:13:35 IST" skipped="0">
  <testcase classname="reqres.ToPerformPost" name="post" time="3.797"/>
  <system-out/>
  <testcase classname="reqres.ToPerformPost" name="swalpa_edit" time="0.428"/>
  <system-out/>
  <testcase classname="reqres.ToPerformPost" name="edit" time="0.477"/>
  <system-out/>
</testsuite> <!-- reqres.ToPerformPost -->
