<?xml version="1.0" encoding="UTF-8"?>
<!-- Generated by org.testng.reporters.JUnitReportReporter -->
<testsuite hostname="DESKTOP-23IQLTI" failures="0" tests="3" name="Shoppersstack.Register_Shopper" time="6.382" errors="0" timestamp="2025-01-03T17:25:19 IST" skipped="0">
  <testcase classname="Shoppersstack.Register_Shopper" name="get" time="0.844"/>
  <system-out/>
  <testcase classname="Shoppersstack.Register_Shopper" name="create" time="4.645"/>
  <system-out/>
  <testcase classname="Shoppersstack.Register_Shopper" name="login" time="0.893"/>
  <system-out/>
</testsuite> <!-- Shoppersstack.Register_Shopper -->
