<?xml version="1.0" encoding="UTF-8"?>
<!-- Generated by org.testng.reporters.JUnitReportReporter -->
<testsuite hostname="DESKTOP-23IQLTI" failures="0" tests="1" name="Gherkins.Script2" time="4.737" errors="0" timestamp="2024-12-21T17:14:09 IST" skipped="0">
  <testcase classname="Gherkins.Script2" name="post" time="4.737"/>
  <system-out/>
</testsuite> <!-- Gherkins.Script2 -->
