<?xml version="1.0" encoding="UTF-8"?>
<!-- Generated by org.testng.reporters.JUnitReportReporter -->
<testsuite hostname="DESKTOP-23IQLTI" failures="0" tests="1" name="reqres.Perform_put" time="4.075" errors="0" timestamp="2024-12-18T09:56:00 IST" skipped="0">
  <testcase classname="reqres.Perform_put" name="post" time="4.075"/>
  <system-out/>
</testsuite> <!-- reqres.Perform_put -->
