<?xml version="1.0" encoding="UTF-8"?>
<!-- Generated by org.testng.reporters.JUnitReportReporter -->
<testsuite hostname="DESKTOP-23IQLTI" failures="0" tests="1" name="Gherkins.RegisterAsAShopper" time="5.919" errors="0" timestamp="2024-12-25T23:58:21 IST" skipped="0">
  <testcase classname="Gherkins.RegisterAsAShopper" name="post" time="5.919"/>
  <system-out/>
</testsuite> <!-- Gherkins.RegisterAsAShopper -->
