<?xml version="1.0" encoding="UTF-8"?>
<!-- Generated by org.testng.reporters.JUnitReportReporter -->
<testsuite hostname="DESKTOP-23IQLTI" failures="0" tests="1" name="Shoppersstack.Login" time="4.790" errors="0" timestamp="2024-12-18T10:43:45 IST" skipped="0">
  <testcase classname="Shoppersstack.Login" name="post" time="4.790"/>
  <system-out/>
</testsuite> <!-- Shoppersstack.Login -->
