<?xml version="1.0" encoding="UTF-8"?>
<!-- Generated by org.testng.reporters.JUnitReportReporter -->
<testsuite hostname="DESKTOP-23IQLTI" failures="0" tests="1" name="Runner.Shopper_runner" time="6.378" errors="0" timestamp="2024-12-31T11:10:33 IST" skipped="0">
  <testcase classname="Runner.Shopper_runner" name="create" time="6.378"/>
  <system-out/>
</testsuite> <!-- Runner.Shopper_runner -->
