<?xml version="1.0" encoding="UTF-8"?>
<!-- Generated by org.testng.reporters.JUnitReportReporter -->
<testsuite hostname="DESKTOP-23IQLTI" failures="0" tests="1" name="reqres.Perform_patch" time="3.921" errors="0" timestamp="2024-12-18T09:58:05 IST" skipped="0">
  <testcase classname="reqres.Perform_patch" name="post" time="3.921"/>
  <system-out/>
</testsuite> <!-- reqres.Perform_patch -->
