<?xml version="1.0" encoding="UTF-8"?>
<!-- Generated by org.testng.reporters.JUnitReportReporter -->
<testsuite hostname="DESKTOP-23IQLTI" failures="0" tests="1" name="Restfullbooker.Runner_class" time="6.202" errors="0" timestamp="2025-01-04T10:49:14 IST" skipped="0">
  <testcase classname="Restfullbooker.Runner_class" name="post" time="6.202"/>
  <system-out/>
</testsuite> <!-- Restfullbooker.Runner_class -->
