<?xml version="1.0" encoding="UTF-8"?>
<!-- Generated by org.testng.reporters.JUnitReportReporter -->
<testsuite hostname="DESKTOP-23IQLTI" failures="0" tests="1" name="reqres.Basic_Script" time="3.953" errors="0" timestamp="2024-12-18T09:32:15 IST" skipped="0">
  <testcase classname="reqres.Basic_Script" name="get" time="3.953"/>
  <system-out/>
</testsuite> <!-- reqres.Basic_Script -->
