<?xml version="1.0" encoding="UTF-8"?>
<!-- Generated by org.testng.reporters.JUnitReportReporter -->
<testsuite hostname="DESKTOP-23IQLTI" failures="0" tests="1" name="Runner_propertyfile.reqres_runner" time="3.819" errors="0" timestamp="2024-12-31T09:37:45 IST" skipped="0">
  <testcase classname="Runner_propertyfile.reqres_runner" name="listusers" time="3.819"/>
  <system-out/>
</testsuite> <!-- Runner_propertyfile.reqres_runner -->
