<?xml version="1.0" encoding="UTF-8"?>
<!-- Generated by org.testng.reporters.JUnitReportReporter -->
<testsuite hostname="DESKTOP-23IQLTI" failures="0" tests="1" name="Using_XML.ReadDataFromTestNGXMLTest" time="0.037" errors="0" timestamp="03 Feb 2025 04:46:51 GMT" skipped="0">
  <testcase classname="Using_XML.ReadDataFromTestNGXMLTest" name="SampleTest" time="0.037"/>
</testsuite> <!-- Using_XML.ReadDataFromTestNGXMLTest -->
