<?xml version="1.0" encoding="UTF-8"?>
<!-- Generated by org.testng.reporters.JUnitReportReporter -->
<testsuite hostname="DESKTOP-23IQLTI" failures="0" tests="1" name="Using_XML.CreateOrgTest" time="13.039" errors="0" timestamp="03 Feb 2025 05:07:17 GMT" skipped="0">
  <testcase classname="Using_XML.CreateOrgTest" name="createorgtest" time="13.039"/>
</testsuite> <!-- Using_XML.CreateOrgTest -->
