<?xml version="1.0" encoding="UTF-8"?>
<!-- Generated by org.testng.reporters.JUnitReportReporter -->
<testsuite hostname="DESKTOP-23IQLTI" failures="0" tests="1" name="DataBase.SampleUnitTestCheckProjectInBackEnd" time="0.657" errors="0" timestamp="04 Feb 2025 05:23:39 GMT" skipped="0">
  <testcase classname="DataBase.SampleUnitTestCheckProjectInBackEnd" name="projectcheckTest" time="0.657"/>
</testsuite> <!-- DataBase.SampleUnitTestCheckProjectInBackEnd -->
