<?xml version="1.0" encoding="UTF-8"?>
<!-- Generated by org.testng.reporters.JUnitReportReporter -->
<testsuite hostname="DESKTOP-23IQLTI" failures="0" tests="4" name="Qsp.Demo34" time="0.031" errors="0" timestamp="2025-01-11T15:51:59 IST" skipped="0">
  <testcase classname="Qsp.Demo34" name="test2" time="0.024"/>
  <system-out>
    <![CDATA[Grid]]>
  </system-out>
  <testcase classname="Qsp.Demo34" name="test1" time="0.002"/>
  <system-out>
    <![CDATA[Selenium]]>
  </system-out>
  <testcase classname="Qsp.Demo34" name="test1" time="0.003"/>
  <system-out>
    <![CDATA[Selenium]]>
  </system-out>
  <testcase classname="Qsp.Demo34" name="test1" time="0.002"/>
  <system-out>
    <![CDATA[Selenium]]>
  </system-out>
</testsuite> <!-- Qsp.Demo34 -->
