<?xml version="1.0" encoding="UTF-8"?>
<!-- Generated by org.testng.reporters.JUnitReportReporter -->
<testsuite hostname="DESKTOP-23IQLTI" failures="0" tests="1" name="Qsp.Sample1" time="0.032" errors="0" timestamp="2025-01-11T14:47:34 IST" skipped="0">
  <testcase classname="Qsp.Sample1" name="test" time="0.032"/>
  <system-out>
    <![CDATA[hello]]>
  </system-out>
</testsuite> <!-- Qsp.Sample1 -->
