<?xml version="1.0" encoding="UTF-8"?>
<!-- Generated by org.testng.reporters.JUnitReportReporter -->
<testsuite hostname="DESKTOP-23IQLTI" failures="0" tests="2" name="Qsp.Demo12" time="0.026" errors="0" timestamp="2025-01-11T15:39:11 IST" skipped="0">
  <testcase classname="Qsp.Demo12" name="test2" time="0.023"/>
  <system-out>
    <![CDATA[Grid]]>
  </system-out>
  <testcase classname="Qsp.Demo12" name="test1" time="0.003"/>
  <system-out>
    <![CDATA[Selenium]]>
  </system-out>
</testsuite> <!-- Qsp.Demo12 -->
