<?xml version="1.0" encoding="UTF-8"?>
<!-- Generated by org.testng.reporters.JUnitReportReporter -->
<testsuite hostname="DESKTOP-23IQLTI" failures="0" tests="1" name="Qsp.Demo2" time="0.028" errors="0" timestamp="2025-01-08T15:38:00 IST" skipped="0">
  <testcase classname="Qsp.Demo2" name="test3" time="0.028"/>
  <system-out>
    <![CDATA[world]]>
  </system-out>
</testsuite> <!-- Qsp.Demo2 -->
