<?xml version="1.0" encoding="UTF-8"?>
<!-- Generated by org.testng.reporters.JUnitReportReporter -->
<testsuite hostname="DESKTOP-23IQLTI" failures="0" tests="2" name="Qsp.Demo" time="0.007" errors="0" timestamp="2025-01-08T15:38:00 IST" skipped="0">
  <testcase classname="Qsp.Demo" name="test2" time="0.004"/>
  <system-out>
    <![CDATA[grid]]>
  </system-out>
  <testcase classname="Qsp.Demo" name="test1" time="0.003"/>
  <system-out>
    <![CDATA[Selenium]]>
  </system-out>
</testsuite> <!-- Qsp.Demo -->
