<?xml version="1.0" encoding="UTF-8"?>
<!-- Generated by org.testng.reporters.JUnitReportReporter -->
<testsuite hostname="DESKTOP-23IQLTI" failures="0" tests="2" name="Qsp.SkipThetestcase" time="0.024" errors="0" timestamp="2025-01-11T16:02:33 IST" skipped="1">
  <testcase classname="Qsp.SkipThetestcase" name="Demo2" time="0.024"/>
  <system-out>
    <![CDATA[Grid]]>
  </system-out>
  <testcase classname="Qsp.SkipThetestcase" name="Demo1">
    <skipped/>
  </testcase> <!-- Demo1 -->
  <system-out/>
</testsuite> <!-- Qsp.SkipThetestcase -->
