<?xml version="1.0" encoding="UTF-8"?>
<!-- Generated by org.testng.reporters.JUnitReportReporter -->
<testsuite hostname="DESKTOP-23IQLTI" failures="0" tests="1" name="Using_cmd.ReadRunTimeMavenParameterTest" time="0.024" errors="0" timestamp="01 Feb 2025 12:11:05 GMT" skipped="0">
  <testcase classname="Using_cmd.ReadRunTimeMavenParameterTest" name="runtimeparametertest" time="0.024"/>
</testsuite> <!-- Using_cmd.ReadRunTimeMavenParameterTest -->
